<?xml version="1.0" encoding="UTF-8"?>
<robot generator="Robot 7.4.2 (Python 3.12.3 on linux)" generated="2026-06-11T20:05:22.337631" rpa="false" schemaversion="5">
<suite id="s1" name="Tests" source="/mnt/c/Users/tuwai/Documents/GitHub/thinbox/tests">
<suite id="s1-s1" name="Container Lifecycle" source="/mnt/c/Users/tuwai/Documents/GitHub/thinbox/tests/container_lifecycle.robot">
<kw name="Build Thinbox Binary" owner="thinbox_keywords" type="SETUP">
<kw name="Run Keyword And Return Status" owner="BuiltIn">
<kw name="File Should Exist" owner="OperatingSystem">
<msg time="2026-06-11T20:05:22.398531" level="INFO" html="true">File '&lt;a href="file:///mnt/c/Users/tuwai/Documents/GitHub/thinbox/thinbox"&gt;/mnt/c/Users/tuwai/Documents/GitHub/thinbox/thinbox&lt;/a&gt;' exists.</msg>
<arg>${BINARY}</arg>
<doc>Fails unless the given ``path`` points to an existing file.</doc>
<status status="PASS" start="2026-06-11T20:05:22.397382" elapsed="0.001221"/>
</kw>
<msg time="2026-06-11T20:05:22.398693" level="INFO">${exists} = True</msg>
<var>${exists}</var>
<arg>File Should Exist</arg>
<arg>${BINARY}</arg>
<doc>Runs the specified keyword and returns the status as a Boolean value.</doc>
<status status="PASS" start="2026-06-11T20:05:22.397109" elapsed="0.001600"/>
</kw>
<if>
<branch type="IF" condition="not ${exists}">
<kw name="Log" owner="BuiltIn">
<arg>Building thinbox from source...</arg>
<arg>console=True</arg>
<doc>Logs the given message with the given level.</doc>
<status status="NOT RUN" start="2026-06-11T20:05:22.399002" elapsed="0.000016"/>
</kw>
<kw name="Run Process" owner="Process">
<var>${result}</var>
<arg>go</arg>
<arg>build</arg>
<arg>-o</arg>
<arg>thinbox</arg>
<arg>./cmd/thinbox/</arg>
<arg>cwd=/mnt/c/Users/tuwai/Documents/GitHub/thinbox/resources/..</arg>
<arg>timeout=60s</arg>
<arg>stderr=STDOUT</arg>
<doc>Runs a process and waits for it to complete.</doc>
<status status="NOT RUN" start="2026-06-11T20:05:22.399079" elapsed="0.000011"/>
</kw>
<kw name="Should Be Equal As Integers" owner="BuiltIn">
<arg>${result.rc}</arg>
<arg>0</arg>
<arg>msg=go build failed:\n${result.stdout}</arg>
<doc>Fails if objects are unequal after converting them to integers.</doc>
<status status="NOT RUN" start="2026-06-11T20:05:22.399151" elapsed="0.000114"/>
</kw>
<kw name="Log" owner="BuiltIn">
<arg>Build successful.</arg>
<arg>console=True</arg>
<doc>Logs the given message with the given level.</doc>
<status status="NOT RUN" start="2026-06-11T20:05:22.399328" elapsed="0.000012"/>
</kw>
<status status="NOT RUN" start="2026-06-11T20:05:22.398779" elapsed="0.000580"/>
</branch>
<branch type="ELSE">
<kw name="Log" owner="BuiltIn">
<msg time="2026-06-11T20:05:22.399634" level="INFO">Pre-built binary found, skipping build.</msg>
<arg>Pre-built binary found, skipping build.</arg>
<arg>console=True</arg>
<doc>Logs the given message with the given level.</doc>
<status status="PASS" start="2026-06-11T20:05:22.399431" elapsed="0.000277"/>
</kw>
<status status="PASS" start="2026-06-11T20:05:22.399379" elapsed="0.000354"/>
</branch>
<status status="PASS" start="2026-06-11T20:05:22.398760" elapsed="0.000988"/>
</if>
<doc>Compile the thinbox binary before the suite runs.
Skips if a pre-built binary is already present.</doc>
<status status="PASS" start="2026-06-11T20:05:22.396768" elapsed="0.003018"/>
</kw>
<test id="s1-s1-t1" name="TC-01 Binary Exists And Is Executable" line="20">
<kw name="File Should Exist" owner="OperatingSystem">
<msg time="2026-06-11T20:05:22.401235" level="INFO" html="true">File '&lt;a href="file:///mnt/c/Users/tuwai/Documents/GitHub/thinbox/thinbox"&gt;/mnt/c/Users/tuwai/Documents/GitHub/thinbox/thinbox&lt;/a&gt;' exists.</msg>
<arg>${BINARY}</arg>
<doc>Fails unless the given ``path`` points to an existing file.</doc>
<status status="PASS" start="2026-06-11T20:05:22.400122" elapsed="0.001163"/>
</kw>
<kw name="Run Process" owner="Process">
<msg time="2026-06-11T20:05:22.401823" level="INFO">Starting process:
/mnt/c/Users/tuwai/Documents/GitHub/thinbox/tests/../thinbox help</msg>
<msg time="2026-06-11T20:05:22.403572" level="INFO">Waiting for process to complete.</msg>
<msg time="2026-06-11T20:05:22.504478" level="INFO">Process completed.</msg>
<msg time="2026-06-11T20:05:22.504772" level="INFO">${result} = &lt;result object with rc 0&gt;</msg>
<var>${result}</var>
<arg>${BINARY}</arg>
<arg>help</arg>
<arg>timeout=${TIMEOUT}</arg>
<arg>stderr=STDOUT</arg>
<doc>Runs a process and waits for it to complete.</doc>
<status status="PASS" start="2026-06-11T20:05:22.401413" elapsed="0.103409"/>
</kw>
<kw name="Should Contain" owner="BuiltIn">
<arg>${result.stdout}</arg>
<arg>Usage</arg>
<doc>Fails if ``container`` does not contain ``item`` one or more times.</doc>
<status status="PASS" start="2026-06-11T20:05:22.505327" elapsed="0.002196"/>
</kw>
<doc>Sanity check: thinbox binary is present after build.</doc>
<tag>smoke</tag>
<status status="PASS" start="2026-06-11T20:05:22.399828" elapsed="0.108117"/>
</test>
<test id="s1-s1-t2" name="TC-10 Missing Subcommand Shows Usage" line="103">
<kw name="Run Process" owner="Process">
<msg time="2026-06-11T20:05:22.510914" level="INFO">Starting process:
/mnt/c/Users/tuwai/Documents/GitHub/thinbox/tests/../thinbox</msg>
<msg time="2026-06-11T20:05:22.514972" level="INFO">Waiting for process to complete.</msg>
<msg time="2026-06-11T20:05:22.615773" level="INFO">Process completed.</msg>
<msg time="2026-06-11T20:05:22.616198" level="INFO">${result} = &lt;result object with rc 1&gt;</msg>
<var>${result}</var>
<arg>${BINARY}</arg>
<arg>timeout=${TIMEOUT}</arg>
<arg>stderr=STDOUT</arg>
<doc>Runs a process and waits for it to complete.</doc>
<status status="PASS" start="2026-06-11T20:05:22.509935" elapsed="0.106326"/>
</kw>
<kw name="Should Not Be Equal As Integers" owner="BuiltIn">
<msg time="2026-06-11T20:05:22.617997" level="INFO">Argument types are:
&lt;class 'int'&gt;
&lt;class 'str'&gt;</msg>
<arg>${result.rc}</arg>
<arg>0</arg>
<doc>Fails if objects are equal after converting them to integers.</doc>
<status status="PASS" start="2026-06-11T20:05:22.616668" elapsed="0.001454"/>
</kw>
<kw name="Should Contain" owner="BuiltIn">
<arg>${result.stdout}</arg>
<arg>Usage</arg>
<doc>Fails if ``container`` does not contain ``item`` one or more times.</doc>
<status status="PASS" start="2026-06-11T20:05:22.618458" elapsed="0.001127"/>
</kw>
<doc>thinbox invoked with no arguments must fail with usage message.</doc>
<tag>negative</tag>
<tag>smoke</tag>
<status status="PASS" start="2026-06-11T20:05:22.508981" elapsed="0.110958"/>
</test>
<kw name="Cleanup Test Artifacts" owner="thinbox_keywords" type="TEARDOWN">
<kw name="Run Keyword And Ignore Error" owner="BuiltIn">
<kw name="Remove File" owner="OperatingSystem">
<msg time="2026-06-11T20:05:22.622611" level="INFO" html="true">File '&lt;a href="file:///tmp/thinbox_test_*"&gt;/tmp/thinbox_test_*&lt;/a&gt;' does not exist.</msg>
<arg>/tmp/thinbox_test_*</arg>
<doc>Removes a file with the given path.</doc>
<status status="PASS" start="2026-06-11T20:05:22.622197" elapsed="0.000485"/>
</kw>
<arg>Remove File</arg>
<arg>/tmp/thinbox_test_*</arg>
<doc>Runs the given keyword with the given arguments and ignores possible error.</doc>
<status status="PASS" start="2026-06-11T20:05:22.621845" elapsed="0.000900"/>
</kw>
<doc>Remove any temporary files created during tests.</doc>
<status status="PASS" start="2026-06-11T20:05:22.621309" elapsed="0.001577"/>
</kw>
<doc>System-level tests for thinbox container runtime.
Tests tagged 'requires-linux' need a real Linux kernel
(not WSL2) — they run in CI but are skipped locally.

Local (WSL2):   robot --exclude requires-linux tests/
CI (Ubuntu VM): robot tests/</doc>
<status status="PASS" start="2026-06-11T20:05:22.366142" elapsed="0.256801"/>
</suite>
<status status="PASS" start="2026-06-11T20:05:22.339015" elapsed="0.285476"/>
</suite>
<statistics>
<total>
<stat pass="2" fail="0" skip="0">All Tests</stat>
</total>
<tag>
<stat pass="1" fail="0" skip="0">negative</stat>
<stat pass="2" fail="0" skip="0">smoke</stat>
</tag>
<suite>
<stat name="Tests" id="s1" pass="2" fail="0" skip="0">Tests</stat>
<stat name="Container Lifecycle" id="s1-s1" pass="2" fail="0" skip="0">Tests.Container Lifecycle</stat>
</suite>
</statistics>
<errors>
</errors>
</robot>
